<?xml version="1.0" encoding="UTF-8"?>
<!-- Generated by org.testng.reporters.JUnitReportReporter -->
<testsuite hostname="Ameyas-MBP.fritz.box" failures="0" tests="1" name="com.supriya.magento.ecommerce.authentication.test.CreateAccountPageTest" time="5.510" errors="0" timestamp="21 Jun 2025 15:42:43 GMT" skipped="0">
  <testcase classname="com.supriya.magento.ecommerce.authentication.test.CreateAccountPageTest" name="verifyNewAccountCreation" time="5.510"/>
</testsuite> <!-- com.supriya.magento.ecommerce.authentication.test.CreateAccountPageTest -->
