<?xml version="1.0" encoding="UTF-8"?>
<!-- Generated by org.testng.reporters.JUnitReportReporter -->
<testsuite hostname="Ameyas-MBP.fritz.box" failures="0" tests="2" name="com.supriya.magento.ecommerce.authentication.test.HomePageTest" time="15.714" errors="0" timestamp="19 Jun 2025 17:29:37 GMT" skipped="0">
  <testcase classname="com.supriya.magento.ecommerce.authentication.test.HomePageTest" name="verifySignInLinkNavigatesToSignInPage" time="3.979"/>
  <testcase classname="com.supriya.magento.ecommerce.authentication.test.HomePageTest" name="verifycreateAccountLinkNavigatesToCreateAccountnPage" time="11.735"/>
</testsuite> <!-- com.supriya.magento.ecommerce.authentication.test.HomePageTest -->
