<?xml version="1.0" encoding="UTF-8"?>
<!-- Generated by org.testng.reporters.JUnitReportReporter -->
<testsuite hostname="Ameyas-MBP.fritz.box" failures="0" tests="1" name="com.supriya.magento.ecommerce.authentication.test.CreateAccountPageTest" time="6.101" errors="0" timestamp="20 Jun 2025 11:10:19 GMT" skipped="0">
  <testcase classname="com.supriya.magento.ecommerce.authentication.test.CreateAccountPageTest" name="verifyNewAccountCreation" time="6.101"/>
</testsuite> <!-- com.supriya.magento.ecommerce.authentication.test.CreateAccountPageTest -->
