<?xml version="1.0" encoding="UTF-8"?>
<!-- Generated by org.testng.reporters.JUnitReportReporter -->
<testsuite hostname="Ameyas-MBP.fritz.box" failures="0" tests="1" name="com.supriya.magento.ecommerce.authentication.test.SignInPageTest" time="6.139" errors="0" timestamp="19 Jun 2025 17:16:26 GMT" skipped="0">
  <testcase classname="com.supriya.magento.ecommerce.authentication.test.SignInPageTest" name="verifySignInToApplicationT" time="6.139"/>
</testsuite> <!-- com.supriya.magento.ecommerce.authentication.test.SignInPageTest -->
