<?xml version="1.0" encoding="UTF-8"?>
<!-- Generated by org.testng.reporters.JUnitReportReporter -->
<testsuite hostname="Ameyas-MBP.fritz.box" failures="0" tests="1" name="com.supriya.magento.ecommerce.authentication.test.HomePageTest" time="3.986" errors="0" timestamp="19 Jun 2025 14:20:34 GMT" skipped="0">
  <testcase classname="com.supriya.magento.ecommerce.authentication.test.HomePageTest" name="verifySignInLinkNavigatesToSignInPage" time="3.986"/>
</testsuite> <!-- com.supriya.magento.ecommerce.authentication.test.HomePageTest -->
